[2019-03-04 18:23:59] local.ERROR: Command "erve" is not defined.

Did you mean one of these?
    dump-server
    make:observer
    serve {"exception":"[object] (Symfony\\Component\\Console\\Exception\\CommandNotFoundException(code: 0): Command \"erve\" is not defined.

Did you mean one of these?
    dump-server
    make:observer
    serve at C:\\Users\\XiSKiLLo\\Desktop\\Laravel-Francisco Acaso\\skynostrum\\vendor\\symfony\\console\\Application.php:632)
[stacktrace]
#0 C:\\Users\\XiSKiLLo\\Desktop\\Laravel-Francisco Acaso\\skynostrum\\vendor\\symfony\\console\\Application.php(226): Symfony\\Component\\Console\\Application->find('erve')
#1 C:\\Users\\XiSKiLLo\\Desktop\\Laravel-Francisco Acaso\\skynostrum\\vendor\\symfony\\console\\Application.php(145): Symfony\\Component\\Console\\Application->doRun(Object(Symfony\\Component\\Console\\Input\\ArgvInput), Object(Symfony\\Component\\Console\\Output\\ConsoleOutput))
#2 C:\\Users\\XiSKiLLo\\Desktop\\Laravel-Francisco Acaso\\skynostrum\\vendor\\laravel\\framework\\src\\Illuminate\\Console\\Application.php(89): Symfony\\Component\\Console\\Application->run(Object(Symfony\\Component\\Console\\Input\\ArgvInput), Object(Symfony\\Component\\Console\\Output\\ConsoleOutput))
#3 C:\\Users\\XiSKiLLo\\Desktop\\Laravel-Francisco Acaso\\skynostrum\\vendor\\laravel\\framework\\src\\Illuminate\\Foundation\\Console\\Kernel.php(122): Illuminate\\Console\\Application->run(Object(Symfony\\Component\\Console\\Input\\ArgvInput), Object(Symfony\\Component\\Console\\Output\\ConsoleOutput))
#4 C:\\Users\\XiSKiLLo\\Desktop\\Laravel-Francisco Acaso\\skynostrum\\artisan(37): Illuminate\\Foundation\\Console\\Kernel->handle(Object(Symfony\\Component\\Console\\Input\\ArgvInput), Object(Symfony\\Component\\Console\\Output\\ConsoleOutput))
#5 {main}
"} 
[2019-03-04 18:30:36] local.ERROR: Too many arguments, expected arguments "command". {"exception":"[object] (Symfony\\Component\\Console\\Exception\\RuntimeException(code: 0): Too many arguments, expected arguments \"command\". at C:\\Users\\XiSKiLLo\\Desktop\\Laravel-Francisco Acaso\\skynostrum\\vendor\\symfony\\console\\Input\\ArgvInput.php:183)
[stacktrace]
#0 C:\\Users\\XiSKiLLo\\Desktop\\Laravel-Francisco Acaso\\skynostrum\\vendor\\symfony\\console\\Input\\ArgvInput.php(86): Symfony\\Component\\Console\\Input\\ArgvInput->parseArgument('192.168.0.200')
#1 C:\\Users\\XiSKiLLo\\Desktop\\Laravel-Francisco Acaso\\skynostrum\\vendor\\symfony\\console\\Input\\Input.php(55): Symfony\\Component\\Console\\Input\\ArgvInput->parse()
#2 C:\\Users\\XiSKiLLo\\Desktop\\Laravel-Francisco Acaso\\skynostrum\\vendor\\symfony\\console\\Command\\Command.php(214): Symfony\\Component\\Console\\Input\\Input->bind(Object(Symfony\\Component\\Console\\Input\\InputDefinition))
#3 C:\\Users\\XiSKiLLo\\Desktop\\Laravel-Francisco Acaso\\skynostrum\\vendor\\laravel\\framework\\src\\Illuminate\\Console\\Command.php(170): Symfony\\Component\\Console\\Command\\Command->run(Object(Symfony\\Component\\Console\\Input\\ArgvInput), Object(Illuminate\\Console\\OutputStyle))
#4 C:\\Users\\XiSKiLLo\\Desktop\\Laravel-Francisco Acaso\\skynostrum\\vendor\\symfony\\console\\Application.php(901): Illuminate\\Console\\Command->run(Object(Symfony\\Component\\Console\\Input\\ArgvInput), Object(Symfony\\Component\\Console\\Output\\ConsoleOutput))
#5 C:\\Users\\XiSKiLLo\\Desktop\\Laravel-Francisco Acaso\\skynostrum\\vendor\\symfony\\console\\Application.php(262): Symfony\\Component\\Console\\Application->doRunCommand(Object(Illuminate\\Foundation\\Console\\ServeCommand), Object(Symfony\\Component\\Console\\Input\\ArgvInput), Object(Symfony\\Component\\Console\\Output\\ConsoleOutput))
#6 C:\\Users\\XiSKiLLo\\Desktop\\Laravel-Francisco Acaso\\skynostrum\\vendor\\symfony\\console\\Application.php(145): Symfony\\Component\\Console\\Application->doRun(Object(Symfony\\Component\\Console\\Input\\ArgvInput), Object(Symfony\\Component\\Console\\Output\\ConsoleOutput))
#7 C:\\Users\\XiSKiLLo\\Desktop\\Laravel-Francisco Acaso\\skynostrum\\vendor\\laravel\\framework\\src\\Illuminate\\Console\\Application.php(89): Symfony\\Component\\Console\\Application->run(Object(Symfony\\Component\\Console\\Input\\ArgvInput), Object(Symfony\\Component\\Console\\Output\\ConsoleOutput))
#8 C:\\Users\\XiSKiLLo\\Desktop\\Laravel-Francisco Acaso\\skynostrum\\vendor\\laravel\\framework\\src\\Illuminate\\Foundation\\Console\\Kernel.php(122): Illuminate\\Console\\Application->run(Object(Symfony\\Component\\Console\\Input\\ArgvInput), Object(Symfony\\Component\\Console\\Output\\ConsoleOutput))
#9 C:\\Users\\XiSKiLLo\\Desktop\\Laravel-Francisco Acaso\\skynostrum\\artisan(37): Illuminate\\Foundation\\Console\\Kernel->handle(Object(Symfony\\Component\\Console\\Input\\ArgvInput), Object(Symfony\\Component\\Console\\Output\\ConsoleOutput))
#10 {main}
"} 
[2019-03-04 18:30:44] local.ERROR: There are no commands defined in the "serve" namespace. {"exception":"[object] (Symfony\\Component\\Console\\Exception\\NamespaceNotFoundException(code: 0): There are no commands defined in the \"serve\" namespace. at C:\\Users\\XiSKiLLo\\Desktop\\Laravel-Francisco Acaso\\skynostrum\\vendor\\symfony\\console\\Application.php:578)
[stacktrace]
#0 C:\\Users\\XiSKiLLo\\Desktop\\Laravel-Francisco Acaso\\skynostrum\\vendor\\symfony\\console\\Application.php(618): Symfony\\Component\\Console\\Application->findNamespace('serve')
#1 C:\\Users\\XiSKiLLo\\Desktop\\Laravel-Francisco Acaso\\skynostrum\\vendor\\symfony\\console\\Application.php(226): Symfony\\Component\\Console\\Application->find('serve:192.168.0...')
#2 C:\\Users\\XiSKiLLo\\Desktop\\Laravel-Francisco Acaso\\skynostrum\\vendor\\symfony\\console\\Application.php(145): Symfony\\Component\\Console\\Application->doRun(Object(Symfony\\Component\\Console\\Input\\ArgvInput), Object(Symfony\\Component\\Console\\Output\\ConsoleOutput))
#3 C:\\Users\\XiSKiLLo\\Desktop\\Laravel-Francisco Acaso\\skynostrum\\vendor\\laravel\\framework\\src\\Illuminate\\Console\\Application.php(89): Symfony\\Component\\Console\\Application->run(Object(Symfony\\Component\\Console\\Input\\ArgvInput), Object(Symfony\\Component\\Console\\Output\\ConsoleOutput))
#4 C:\\Users\\XiSKiLLo\\Desktop\\Laravel-Francisco Acaso\\skynostrum\\vendor\\laravel\\framework\\src\\Illuminate\\Foundation\\Console\\Kernel.php(122): Illuminate\\Console\\Application->run(Object(Symfony\\Component\\Console\\Input\\ArgvInput), Object(Symfony\\Component\\Console\\Output\\ConsoleOutput))
#5 C:\\Users\\XiSKiLLo\\Desktop\\Laravel-Francisco Acaso\\skynostrum\\artisan(37): Illuminate\\Foundation\\Console\\Kernel->handle(Object(Symfony\\Component\\Console\\Input\\ArgvInput), Object(Symfony\\Component\\Console\\Output\\ConsoleOutput))
#6 {main}
"} 
